<?xml version="1.0" encoding="UTF-8"?>
<!-- Generated by org.testng.reporters.JUnitXMLReporter -->
<testsuite ignored="1" hostname="DESKTOP-NFUTGEN" failures="1" tests="1" name="EndtoEndTest" time="0.039" errors="0" timestamp="2024-03-30T21:17:45 IST">
  <testcase classname="frameworkpart.test.Errorvalidation" name="loginerrorvalidation" time="0.005">
    <failure type="java.lang.NullPointerException" message="Cannot invoke &amp;quot;frameworkpart.pageobjects.Landingpage.gotologin(String, String)&amp;quot; because &amp;quot;this.landingpage&amp;quot; is null">
      <![CDATA[java.lang.NullPointerException: Cannot invoke "frameworkpart.pageobjects.Landingpage.gotologin(String, String)" because "this.landingpage" is null
at frameworkpart.test.Errorvalidation.loginerrorvalidation(Errorvalidation.java:16)
at java.base/java.util.ArrayList.forEach(ArrayList.java:1511)
... Removed 25 stack frames]]>
    </failure>
  </testcase> <!-- loginerrorvalidation -->
  <testcase classname="frameworkpart.test.Errorvalidation" name="producterrorvalidation" time="0.0">
    <ignored/>
  </testcase> <!-- producterrorvalidation -->
</testsuite> <!-- EndtoEndTest -->
