<?xml version="1.0" encoding="UTF-8"?>
<!-- Generated by org.testng.reporters.JUnitXMLReporter -->
<testsuite ignored="0" hostname="DESKTOP-NFUTGEN" failures="0" tests="4" name="Test" time="28.028" errors="0" timestamp="2024-09-01T19:03:23 IST">
  <testcase classname="frameworkpart.test.Practest" name="goat" time="4.82"/>
  <testcase classname="frameworkpart.test.EndtoEndtest" name="enedtoendtest" time="3.824"/>
  <testcase classname="frameworkpart.test.EndtoEndtest" name="enedtoendtest" time="3.803"/>
  <testcase classname="frameworkpart.test.EndtoEndtest" name="verifyorderdisplay" time="1.524"/>
</testsuite> <!-- Test -->
