<?xml version="1.0" encoding="UTF-8"?>
<!-- Generated by org.testng.reporters.JUnitXMLReporter -->
<testsuite ignored="1" hostname="DESKTOP-NFUTGEN" failures="1" tests="1" name="ErrorValidationTest" time="0.089" errors="0" timestamp="2024-03-30T21:17:45 IST">
  <testcase classname="frameworkpart.test.EndtoEndtest" name="verifyorderdisplay" time="0.018">
    <failure type="java.lang.NullPointerException" message="Cannot invoke &amp;quot;frameworkpart.pageobjects.Landingpage.gotologin(String, String)&amp;quot; because &amp;quot;this.landingpage&amp;quot; is null">
      <![CDATA[java.lang.NullPointerException: Cannot invoke "frameworkpart.pageobjects.Landingpage.gotologin(String, String)" because "this.landingpage" is null
at frameworkpart.test.EndtoEndtest.verifyorderdisplay(EndtoEndtest.java:48)
at java.base/java.util.ArrayList.forEach(ArrayList.java:1511)
... Removed 25 stack frames]]>
    </failure>
  </testcase> <!-- verifyorderdisplay -->
  <testcase classname="frameworkpart.test.EndtoEndtest" name="enedtoendtest" time="0.0">
    <ignored/>
  </testcase> <!-- enedtoendtest -->
</testsuite> <!-- ErrorValidationTest -->
