<?xml version="1.0" encoding="UTF-8"?>
<!-- Generated by org.testng.reporters.JUnitXMLReporter -->
<testsuite ignored="0" hostname="DESKTOP-NFUTGEN" failures="0" tests="5" name="Test" time="35.342" errors="0" timestamp="2024-08-31T11:24:17 IST">
  <testcase classname="frameworkpart.test.Errorvalidation" name="loginerrorvalidation" time="0.792"/>
  <testcase classname="frameworkpart.test.Errorvalidation" name="producterrorvalidation" time="2.562"/>
  <testcase classname="frameworkpart.test.EndtoEndtest" name="enedtoendtest" time="3.663"/>
  <testcase classname="frameworkpart.test.EndtoEndtest" name="enedtoendtest" time="3.855"/>
  <testcase classname="frameworkpart.test.EndtoEndtest" name="verifyorderdisplay" time="1.182"/>
</testsuite> <!-- Test -->
