<?xml version="1.0" encoding="UTF-8"?>
<!-- Generated by org.testng.reporters.JUnitXMLReporter -->
<testsuite ignored="0" hostname="DESKTOP-NFUTGEN" failures="0" tests="5" name="Test" time="32.137" errors="0" timestamp="2024-08-31T11:34:00 IST">
  <testcase classname="frameworkpart.test.Errorvalidation" name="loginerrorvalidation" time="0.834"/>
  <testcase classname="frameworkpart.test.Errorvalidation" name="producterrorvalidation" time="2.562"/>
  <testcase classname="frameworkpart.test.EndtoEndtest" name="enedtoendtest" time="3.674"/>
  <testcase classname="frameworkpart.test.EndtoEndtest" name="enedtoendtest" time="3.482"/>
  <testcase classname="frameworkpart.test.EndtoEndtest" name="verifyorderdisplay" time="1.143"/>
</testsuite> <!-- Test -->
