<?xml version="1.0" encoding="UTF-8"?>
<!-- Generated by org.testng.reporters.JUnitXMLReporter -->
<testsuite ignored="0" hostname="DESKTOP-NFUTGEN" failures="0" tests="4" name="Test" time="42.522" errors="0" timestamp="2024-09-01T19:26:41 IST">
  <testcase classname="frameworkpart.test.Practest" name="goat" time="6.893"/>
  <testcase classname="frameworkpart.test.EndtoEndtest" name="enedtoendtest" time="8.267"/>
  <testcase classname="frameworkpart.test.EndtoEndtest" name="enedtoendtest" time="5.876"/>
  <testcase classname="frameworkpart.test.EndtoEndtest" name="verifyorderdisplay" time="1.846"/>
</testsuite> <!-- Test -->
