<?xml version="1.0" encoding="UTF-8"?>
<testng-results ignored="0" total="1" passed="1" failed="0" skipped="0">
  <reporter-output>
  </reporter-output>
  <suite started-at="2024-08-29T19:35:22 IST" name="Suite" finished-at="2024-08-29T19:35:28 IST" duration-ms="6008">
    <groups>
    </groups>
    <test started-at="2024-08-29T19:35:22 IST" name="Test" finished-at="2024-08-29T19:35:28 IST" duration-ms="6008">
      <class name="testa.One">
        <test-method signature="opening()[pri:0, instance:testa.One@7193666c]" started-at="2024-08-29T19:35:22 IST" name="opening" finished-at="2024-08-29T19:35:28 IST" duration-ms="5881" status="PASS">
          <reporter-output>
          </reporter-output>
        </test-method> <!-- opening -->
      </class> <!-- testa.One -->
    </test> <!-- Test -->
  </suite> <!-- Suite -->
</testng-results>
