<?xml version="1.0" encoding="UTF-8"?>
<testng-results ignored="0" total="5" passed="5" failed="0" skipped="0">
  <reporter-output>
  </reporter-output>
  <suite started-at="2024-08-31T11:33:28 IST" name="Suite" finished-at="2024-08-31T11:34:00 IST" duration-ms="32137">
    <groups>
      <group name="lion">
        <method signature="Errorvalidation.loginerrorvalidation()[pri:0, instance:frameworkpart.test.Errorvalidation@8dbdac1]" name="loginerrorvalidation" class="frameworkpart.test.Errorvalidation"/>
      </group> <!-- lion -->
    </groups>
    <test started-at="2024-08-31T11:33:28 IST" name="Test" finished-at="2024-08-31T11:34:00 IST" duration-ms="32137">
      <class name="frameworkpart.test.Errorvalidation">
        <test-method is-config="true" signature="gotoapp()[pri:0, instance:frameworkpart.test.Errorvalidation@8dbdac1]" started-at="2024-08-31T11:33:28 IST" name="gotoapp" finished-at="2024-08-31T11:33:33 IST" duration-ms="5124" status="PASS">
          <reporter-output>
          </reporter-output>
        </test-method> <!-- gotoapp -->
        <test-method signature="loginerrorvalidation()[pri:0, instance:frameworkpart.test.Errorvalidation@8dbdac1]" started-at="2024-08-31T11:33:33 IST" name="loginerrorvalidation" finished-at="2024-08-31T11:33:34 IST" duration-ms="834" status="PASS">
          <reporter-output>
          </reporter-output>
        </test-method> <!-- loginerrorvalidation -->
        <test-method is-config="true" signature="closing()[pri:0, instance:frameworkpart.test.Errorvalidation@8dbdac1]" started-at="2024-08-31T11:33:34 IST" name="closing" finished-at="2024-08-31T11:33:34 IST" duration-ms="365" status="PASS">
          <reporter-output>
          </reporter-output>
        </test-method> <!-- closing -->
        <test-method is-config="true" signature="gotoapp()[pri:0, instance:frameworkpart.test.Errorvalidation@8dbdac1]" started-at="2024-08-31T11:33:34 IST" name="gotoapp" finished-at="2024-08-31T11:33:38 IST" duration-ms="3577" status="PASS">
          <reporter-output>
          </reporter-output>
        </test-method> <!-- gotoapp -->
        <test-method signature="producterrorvalidation()[pri:0, instance:frameworkpart.test.Errorvalidation@8dbdac1]" started-at="2024-08-31T11:33:38 IST" name="producterrorvalidation" finished-at="2024-08-31T11:33:41 IST" duration-ms="2562" status="PASS">
          <reporter-output>
          </reporter-output>
        </test-method> <!-- producterrorvalidation -->
        <test-method is-config="true" signature="closing()[pri:0, instance:frameworkpart.test.Errorvalidation@8dbdac1]" started-at="2024-08-31T11:33:41 IST" name="closing" finished-at="2024-08-31T11:33:41 IST" duration-ms="292" status="PASS">
          <reporter-output>
          </reporter-output>
        </test-method> <!-- closing -->
      </class> <!-- frameworkpart.test.Errorvalidation -->
      <class name="frameworkpart.test.EndtoEndtest">
        <test-method is-config="true" signature="gotoapp()[pri:0, instance:frameworkpart.test.EndtoEndtest@222545dc]" started-at="2024-08-31T11:33:41 IST" name="gotoapp" finished-at="2024-08-31T11:33:44 IST" duration-ms="3394" status="PASS">
          <reporter-output>
          </reporter-output>
        </test-method> <!-- gotoapp -->
        <test-method signature="enedtoendtest(java.lang.String,java.lang.String,java.lang.String)[pri:0, instance:frameworkpart.test.EndtoEndtest@222545dc]" started-at="2024-08-31T11:33:44 IST" name="enedtoendtest" data-provider="getdata" finished-at="2024-08-31T11:33:48 IST" duration-ms="3674" status="PASS">
          <params>
            <param index="0">
              <value>
                <![CDATA[ADIDAS ORIGINAL]]>
              </value>
            </param>
            <param index="1">
              <value>
                <![CDATA[srinivas.51423@gmail.com]]>
              </value>
            </param>
            <param index="2">
              <value>
                <![CDATA[Srinivasrahul5$]]>
              </value>
            </param>
          </params>
          <reporter-output>
          </reporter-output>
        </test-method> <!-- enedtoendtest -->
        <test-method is-config="true" signature="closing()[pri:0, instance:frameworkpart.test.EndtoEndtest@222545dc]" started-at="2024-08-31T11:33:48 IST" name="closing" finished-at="2024-08-31T11:33:48 IST" duration-ms="302" status="PASS">
          <reporter-output>
          </reporter-output>
        </test-method> <!-- closing -->
        <test-method is-config="true" signature="gotoapp()[pri:0, instance:frameworkpart.test.EndtoEndtest@222545dc]" started-at="2024-08-31T11:33:48 IST" name="gotoapp" finished-at="2024-08-31T11:33:52 IST" duration-ms="3315" status="PASS">
          <reporter-output>
          </reporter-output>
        </test-method> <!-- gotoapp -->
        <test-method signature="enedtoendtest(java.lang.String,java.lang.String,java.lang.String)[pri:0, instance:frameworkpart.test.EndtoEndtest@222545dc]" started-at="2024-08-31T11:33:52 IST" name="enedtoendtest" data-provider="getdata" finished-at="2024-08-31T11:33:55 IST" duration-ms="3482" status="PASS">
          <params>
            <param index="0">
              <value>
                <![CDATA[ADIDAS ORIGINAL]]>
              </value>
            </param>
            <param index="1">
              <value>
                <![CDATA[sriram.514232@gmail.com]]>
              </value>
            </param>
            <param index="2">
              <value>
                <![CDATA[Sriramrahul5$]]>
              </value>
            </param>
          </params>
          <reporter-output>
          </reporter-output>
        </test-method> <!-- enedtoendtest -->
        <test-method is-config="true" signature="closing()[pri:0, instance:frameworkpart.test.EndtoEndtest@222545dc]" started-at="2024-08-31T11:33:55 IST" name="closing" finished-at="2024-08-31T11:33:55 IST" duration-ms="293" status="PASS">
          <reporter-output>
          </reporter-output>
        </test-method> <!-- closing -->
        <test-method is-config="true" signature="gotoapp()[pri:0, instance:frameworkpart.test.EndtoEndtest@222545dc]" started-at="2024-08-31T11:33:55 IST" name="gotoapp" finished-at="2024-08-31T11:33:59 IST" duration-ms="3375" status="PASS">
          <reporter-output>
          </reporter-output>
        </test-method> <!-- gotoapp -->
        <test-method signature="verifyorderdisplay()[pri:0, instance:frameworkpart.test.EndtoEndtest@222545dc]" started-at="2024-08-31T11:33:59 IST" name="verifyorderdisplay" finished-at="2024-08-31T11:34:00 IST" duration-ms="1143" status="PASS">
          <reporter-output>
          </reporter-output>
        </test-method> <!-- verifyorderdisplay -->
        <test-method is-config="true" signature="closing()[pri:0, instance:frameworkpart.test.EndtoEndtest@222545dc]" started-at="2024-08-31T11:34:00 IST" name="closing" finished-at="2024-08-31T11:34:00 IST" duration-ms="305" status="PASS">
          <reporter-output>
          </reporter-output>
        </test-method> <!-- closing -->
      </class> <!-- frameworkpart.test.EndtoEndtest -->
    </test> <!-- Test -->
  </suite> <!-- Suite -->
</testng-results>
