<?xml version="1.0" encoding="UTF-8"?>
<testng-results ignored="0" total="5" passed="5" failed="0" skipped="0">
  <reporter-output>
  </reporter-output>
  <suite started-at="2024-08-31T11:23:41 IST" name="Suite" finished-at="2024-08-31T11:24:17 IST" duration-ms="35342">
    <groups>
      <group name="lion">
        <method signature="Errorvalidation.loginerrorvalidation()[pri:0, instance:frameworkpart.test.Errorvalidation@408d971b]" name="loginerrorvalidation" class="frameworkpart.test.Errorvalidation"/>
      </group> <!-- lion -->
    </groups>
    <test started-at="2024-08-31T11:23:41 IST" name="Test" finished-at="2024-08-31T11:24:17 IST" duration-ms="35342">
      <class name="frameworkpart.test.Errorvalidation">
        <test-method is-config="true" signature="gotoapp()[pri:0, instance:frameworkpart.test.Errorvalidation@408d971b]" started-at="2024-08-31T11:23:41 IST" name="gotoapp" finished-at="2024-08-31T11:23:47 IST" duration-ms="5290" status="PASS">
          <reporter-output>
          </reporter-output>
        </test-method> <!-- gotoapp -->
        <test-method signature="loginerrorvalidation()[pri:0, instance:frameworkpart.test.Errorvalidation@408d971b]" started-at="2024-08-31T11:23:47 IST" name="loginerrorvalidation" finished-at="2024-08-31T11:23:47 IST" duration-ms="792" status="PASS">
          <reporter-output>
          </reporter-output>
        </test-method> <!-- loginerrorvalidation -->
        <test-method is-config="true" signature="closing()[pri:0, instance:frameworkpart.test.Errorvalidation@408d971b]" started-at="2024-08-31T11:23:47 IST" name="closing" finished-at="2024-08-31T11:23:48 IST" duration-ms="322" status="PASS">
          <reporter-output>
          </reporter-output>
        </test-method> <!-- closing -->
        <test-method is-config="true" signature="gotoapp()[pri:0, instance:frameworkpart.test.Errorvalidation@408d971b]" started-at="2024-08-31T11:23:48 IST" name="gotoapp" finished-at="2024-08-31T11:23:52 IST" duration-ms="4204" status="PASS">
          <reporter-output>
          </reporter-output>
        </test-method> <!-- gotoapp -->
        <test-method signature="producterrorvalidation()[pri:0, instance:frameworkpart.test.Errorvalidation@408d971b]" started-at="2024-08-31T11:23:52 IST" name="producterrorvalidation" finished-at="2024-08-31T11:23:55 IST" duration-ms="2562" status="PASS">
          <reporter-output>
          </reporter-output>
        </test-method> <!-- producterrorvalidation -->
        <test-method is-config="true" signature="closing()[pri:0, instance:frameworkpart.test.Errorvalidation@408d971b]" started-at="2024-08-31T11:23:55 IST" name="closing" finished-at="2024-08-31T11:23:55 IST" duration-ms="325" status="PASS">
          <reporter-output>
          </reporter-output>
        </test-method> <!-- closing -->
      </class> <!-- frameworkpart.test.Errorvalidation -->
      <class name="frameworkpart.test.EndtoEndtest">
        <test-method is-config="true" signature="gotoapp()[pri:0, instance:frameworkpart.test.EndtoEndtest@5bda8e08]" started-at="2024-08-31T11:23:55 IST" name="gotoapp" finished-at="2024-08-31T11:23:58 IST" duration-ms="3493" status="PASS">
          <reporter-output>
          </reporter-output>
        </test-method> <!-- gotoapp -->
        <test-method signature="enedtoendtest(java.lang.String,java.lang.String,java.lang.String)[pri:0, instance:frameworkpart.test.EndtoEndtest@5bda8e08]" started-at="2024-08-31T11:23:58 IST" name="enedtoendtest" data-provider="getdata" finished-at="2024-08-31T11:24:02 IST" duration-ms="3663" status="PASS">
          <params>
            <param index="0">
              <value>
                <![CDATA[ADIDAS ORIGINAL]]>
              </value>
            </param>
            <param index="1">
              <value>
                <![CDATA[srinivas.51423@gmail.com]]>
              </value>
            </param>
            <param index="2">
              <value>
                <![CDATA[Srinivasrahul5$]]>
              </value>
            </param>
          </params>
          <reporter-output>
          </reporter-output>
        </test-method> <!-- enedtoendtest -->
        <test-method is-config="true" signature="closing()[pri:0, instance:frameworkpart.test.EndtoEndtest@5bda8e08]" started-at="2024-08-31T11:24:02 IST" name="closing" finished-at="2024-08-31T11:24:02 IST" duration-ms="295" status="PASS">
          <reporter-output>
          </reporter-output>
        </test-method> <!-- closing -->
        <test-method is-config="true" signature="gotoapp()[pri:0, instance:frameworkpart.test.EndtoEndtest@5bda8e08]" started-at="2024-08-31T11:24:02 IST" name="gotoapp" finished-at="2024-08-31T11:24:06 IST" duration-ms="3551" status="PASS">
          <reporter-output>
          </reporter-output>
        </test-method> <!-- gotoapp -->
        <test-method signature="enedtoendtest(java.lang.String,java.lang.String,java.lang.String)[pri:0, instance:frameworkpart.test.EndtoEndtest@5bda8e08]" started-at="2024-08-31T11:24:06 IST" name="enedtoendtest" data-provider="getdata" finished-at="2024-08-31T11:24:10 IST" duration-ms="3855" status="PASS">
          <params>
            <param index="0">
              <value>
                <![CDATA[ADIDAS ORIGINAL]]>
              </value>
            </param>
            <param index="1">
              <value>
                <![CDATA[sriram.514232@gmail.com]]>
              </value>
            </param>
            <param index="2">
              <value>
                <![CDATA[Sriramrahul5$]]>
              </value>
            </param>
          </params>
          <reporter-output>
          </reporter-output>
        </test-method> <!-- enedtoendtest -->
        <test-method is-config="true" signature="closing()[pri:0, instance:frameworkpart.test.EndtoEndtest@5bda8e08]" started-at="2024-08-31T11:24:10 IST" name="closing" finished-at="2024-08-31T11:24:12 IST" duration-ms="1901" status="PASS">
          <reporter-output>
          </reporter-output>
        </test-method> <!-- closing -->
        <test-method is-config="true" signature="gotoapp()[pri:0, instance:frameworkpart.test.EndtoEndtest@5bda8e08]" started-at="2024-08-31T11:24:12 IST" name="gotoapp" finished-at="2024-08-31T11:24:15 IST" duration-ms="3531" status="PASS">
          <reporter-output>
          </reporter-output>
        </test-method> <!-- gotoapp -->
        <test-method signature="verifyorderdisplay()[pri:0, instance:frameworkpart.test.EndtoEndtest@5bda8e08]" started-at="2024-08-31T11:24:15 IST" name="verifyorderdisplay" finished-at="2024-08-31T11:24:16 IST" duration-ms="1182" status="PASS">
          <reporter-output>
          </reporter-output>
        </test-method> <!-- verifyorderdisplay -->
        <test-method is-config="true" signature="closing()[pri:0, instance:frameworkpart.test.EndtoEndtest@5bda8e08]" started-at="2024-08-31T11:24:16 IST" name="closing" finished-at="2024-08-31T11:24:17 IST" duration-ms="262" status="PASS">
          <reporter-output>
          </reporter-output>
        </test-method> <!-- closing -->
      </class> <!-- frameworkpart.test.EndtoEndtest -->
    </test> <!-- Test -->
  </suite> <!-- Suite -->
</testng-results>
