<?xml version="1.0" encoding="UTF-8"?>
<testng-results ignored="0" total="4" passed="4" failed="0" skipped="0">
  <reporter-output>
  </reporter-output>
  <suite started-at="2024-09-01T19:02:55 IST" name="Suite" finished-at="2024-09-01T19:03:23 IST" duration-ms="28028">
    <groups>
    </groups>
    <test started-at="2024-09-01T19:02:55 IST" name="Test" finished-at="2024-09-01T19:03:23 IST" duration-ms="28028">
      <class name="frameworkpart.test.Practest">
        <test-method signature="goat()[pri:0, instance:frameworkpart.test.Practest@1d296da]" started-at="2024-09-01T19:02:55 IST" name="goat" finished-at="2024-09-01T19:03:00 IST" duration-ms="4820" status="PASS">
          <reporter-output>
          </reporter-output>
        </test-method> <!-- goat -->
      </class> <!-- frameworkpart.test.Practest -->
      <class name="frameworkpart.test.EndtoEndtest">
        <test-method is-config="true" signature="gotoapp()[pri:0, instance:frameworkpart.test.EndtoEndtest@3c41ed1d]" started-at="2024-09-01T19:03:00 IST" name="gotoapp" finished-at="2024-09-01T19:03:03 IST" duration-ms="3265" status="PASS">
          <reporter-output>
          </reporter-output>
        </test-method> <!-- gotoapp -->
        <test-method signature="enedtoendtest(java.lang.String,java.lang.String,java.lang.String)[pri:0, instance:frameworkpart.test.EndtoEndtest@3c41ed1d]" started-at="2024-09-01T19:03:03 IST" name="enedtoendtest" data-provider="getdata" finished-at="2024-09-01T19:03:07 IST" duration-ms="3824" status="PASS">
          <params>
            <param index="0">
              <value>
                <![CDATA[ADIDAS ORIGINAL]]>
              </value>
            </param>
            <param index="1">
              <value>
                <![CDATA[srinivas.51423@gmail.com]]>
              </value>
            </param>
            <param index="2">
              <value>
                <![CDATA[Srinivasrahul5$]]>
              </value>
            </param>
          </params>
          <reporter-output>
          </reporter-output>
        </test-method> <!-- enedtoendtest -->
        <test-method is-config="true" signature="closing()[pri:0, instance:frameworkpart.test.EndtoEndtest@3c41ed1d]" started-at="2024-09-01T19:03:07 IST" name="closing" finished-at="2024-09-01T19:03:07 IST" duration-ms="364" status="PASS">
          <reporter-output>
          </reporter-output>
        </test-method> <!-- closing -->
        <test-method is-config="true" signature="gotoapp()[pri:0, instance:frameworkpart.test.EndtoEndtest@3c41ed1d]" started-at="2024-09-01T19:03:07 IST" name="gotoapp" finished-at="2024-09-01T19:03:12 IST" duration-ms="4419" status="PASS">
          <reporter-output>
          </reporter-output>
        </test-method> <!-- gotoapp -->
        <test-method signature="enedtoendtest(java.lang.String,java.lang.String,java.lang.String)[pri:0, instance:frameworkpart.test.EndtoEndtest@3c41ed1d]" started-at="2024-09-01T19:03:12 IST" name="enedtoendtest" data-provider="getdata" finished-at="2024-09-01T19:03:15 IST" duration-ms="3803" status="PASS">
          <params>
            <param index="0">
              <value>
                <![CDATA[ADIDAS ORIGINAL]]>
              </value>
            </param>
            <param index="1">
              <value>
                <![CDATA[sriram.514232@gmail.com]]>
              </value>
            </param>
            <param index="2">
              <value>
                <![CDATA[Sriramrahul5$]]>
              </value>
            </param>
          </params>
          <reporter-output>
          </reporter-output>
        </test-method> <!-- enedtoendtest -->
        <test-method is-config="true" signature="closing()[pri:0, instance:frameworkpart.test.EndtoEndtest@3c41ed1d]" started-at="2024-09-01T19:03:15 IST" name="closing" finished-at="2024-09-01T19:03:16 IST" duration-ms="467" status="PASS">
          <reporter-output>
          </reporter-output>
        </test-method> <!-- closing -->
        <test-method is-config="true" signature="gotoapp()[pri:0, instance:frameworkpart.test.EndtoEndtest@3c41ed1d]" started-at="2024-09-01T19:03:16 IST" name="gotoapp" finished-at="2024-09-01T19:03:21 IST" duration-ms="5115" status="PASS">
          <reporter-output>
          </reporter-output>
        </test-method> <!-- gotoapp -->
        <test-method signature="verifyorderdisplay()[pri:0, instance:frameworkpart.test.EndtoEndtest@3c41ed1d]" started-at="2024-09-01T19:03:21 IST" name="verifyorderdisplay" finished-at="2024-09-01T19:03:22 IST" duration-ms="1524" status="PASS">
          <reporter-output>
          </reporter-output>
        </test-method> <!-- verifyorderdisplay -->
        <test-method is-config="true" signature="closing()[pri:0, instance:frameworkpart.test.EndtoEndtest@3c41ed1d]" started-at="2024-09-01T19:03:22 IST" name="closing" finished-at="2024-09-01T19:03:23 IST" duration-ms="327" status="PASS">
          <reporter-output>
          </reporter-output>
        </test-method> <!-- closing -->
      </class> <!-- frameworkpart.test.EndtoEndtest -->
    </test> <!-- Test -->
  </suite> <!-- Suite -->
</testng-results>
