<?xml version="1.0" encoding="UTF-8"?>
<testng-results ignored="0" total="4" passed="4" failed="0" skipped="0">
  <reporter-output>
  </reporter-output>
  <suite started-at="2024-09-01T19:25:58 IST" name="Suite" finished-at="2024-09-01T19:26:41 IST" duration-ms="42522">
    <groups>
    </groups>
    <test started-at="2024-09-01T19:25:58 IST" name="Test" finished-at="2024-09-01T19:26:41 IST" duration-ms="42522">
      <class name="frameworkpart.test.Practest">
        <test-method signature="goat()[pri:0, instance:frameworkpart.test.Practest@5fdcaa40]" started-at="2024-09-01T19:25:58 IST" name="goat" finished-at="2024-09-01T19:26:05 IST" duration-ms="6893" status="PASS">
          <reporter-output>
          </reporter-output>
        </test-method> <!-- goat -->
      </class> <!-- frameworkpart.test.Practest -->
      <class name="frameworkpart.test.EndtoEndtest">
        <test-method is-config="true" signature="gotoapp()[pri:0, instance:frameworkpart.test.EndtoEndtest@661972b0]" started-at="2024-09-01T19:26:05 IST" name="gotoapp" finished-at="2024-09-01T19:26:09 IST" duration-ms="3840" status="PASS">
          <reporter-output>
          </reporter-output>
        </test-method> <!-- gotoapp -->
        <test-method signature="enedtoendtest(java.lang.String,java.lang.String,java.lang.String)[pri:0, instance:frameworkpart.test.EndtoEndtest@661972b0]" started-at="2024-09-01T19:26:09 IST" name="enedtoendtest" data-provider="getdata" finished-at="2024-09-01T19:26:17 IST" duration-ms="8267" status="PASS">
          <params>
            <param index="0">
              <value>
                <![CDATA[ADIDAS ORIGINAL]]>
              </value>
            </param>
            <param index="1">
              <value>
                <![CDATA[srinivas.51423@gmail.com]]>
              </value>
            </param>
            <param index="2">
              <value>
                <![CDATA[Srinivasrahul5$]]>
              </value>
            </param>
          </params>
          <reporter-output>
          </reporter-output>
        </test-method> <!-- enedtoendtest -->
        <test-method is-config="true" signature="closing()[pri:0, instance:frameworkpart.test.EndtoEndtest@661972b0]" started-at="2024-09-01T19:26:17 IST" name="closing" finished-at="2024-09-01T19:26:20 IST" duration-ms="2308" status="PASS">
          <reporter-output>
          </reporter-output>
        </test-method> <!-- closing -->
        <test-method is-config="true" signature="gotoapp()[pri:0, instance:frameworkpart.test.EndtoEndtest@661972b0]" started-at="2024-09-01T19:26:20 IST" name="gotoapp" finished-at="2024-09-01T19:26:26 IST" duration-ms="6666" status="PASS">
          <reporter-output>
          </reporter-output>
        </test-method> <!-- gotoapp -->
        <test-method signature="enedtoendtest(java.lang.String,java.lang.String,java.lang.String)[pri:0, instance:frameworkpart.test.EndtoEndtest@661972b0]" started-at="2024-09-01T19:26:26 IST" name="enedtoendtest" data-provider="getdata" finished-at="2024-09-01T19:26:32 IST" duration-ms="5876" status="PASS">
          <params>
            <param index="0">
              <value>
                <![CDATA[ADIDAS ORIGINAL]]>
              </value>
            </param>
            <param index="1">
              <value>
                <![CDATA[sriram.514232@gmail.com]]>
              </value>
            </param>
            <param index="2">
              <value>
                <![CDATA[Sriramrahul5$]]>
              </value>
            </param>
          </params>
          <reporter-output>
          </reporter-output>
        </test-method> <!-- enedtoendtest -->
        <test-method is-config="true" signature="closing()[pri:0, instance:frameworkpart.test.EndtoEndtest@661972b0]" started-at="2024-09-01T19:26:32 IST" name="closing" finished-at="2024-09-01T19:26:32 IST" duration-ms="409" status="PASS">
          <reporter-output>
          </reporter-output>
        </test-method> <!-- closing -->
        <test-method is-config="true" signature="gotoapp()[pri:0, instance:frameworkpart.test.EndtoEndtest@661972b0]" started-at="2024-09-01T19:26:32 IST" name="gotoapp" finished-at="2024-09-01T19:26:38 IST" duration-ms="5914" status="PASS">
          <reporter-output>
          </reporter-output>
        </test-method> <!-- gotoapp -->
        <test-method signature="verifyorderdisplay()[pri:0, instance:frameworkpart.test.EndtoEndtest@661972b0]" started-at="2024-09-01T19:26:38 IST" name="verifyorderdisplay" finished-at="2024-09-01T19:26:40 IST" duration-ms="1846" status="PASS">
          <reporter-output>
          </reporter-output>
        </test-method> <!-- verifyorderdisplay -->
        <test-method is-config="true" signature="closing()[pri:0, instance:frameworkpart.test.EndtoEndtest@661972b0]" started-at="2024-09-01T19:26:40 IST" name="closing" finished-at="2024-09-01T19:26:41 IST" duration-ms="378" status="PASS">
          <reporter-output>
          </reporter-output>
        </test-method> <!-- closing -->
      </class> <!-- frameworkpart.test.EndtoEndtest -->
    </test> <!-- Test -->
  </suite> <!-- Suite -->
</testng-results>
